<?xml version="1.0" encoding="UTF-8"?>
<TestRun id="30e655ba-ac7f-46d2-8a9c-9d9f24fd10eb" name="mlima@R108P17HVVS 2019-03-14 11:55:31" runUser="SIO\mlima" xmlns="http://microsoft.com/schemas/VisualStudio/TeamTest/2010">
  <TestSettings name="Local" id="04463729-3cd3-40da-91d8-44210da3ddb3">
    <Description>Il s'agit des paramètres de test par défaut pour une série de tests locale.</Description>
    <Deployment enabled="false" runDeploymentRoot="mlima_R108P17HVVS 2019-03-14 11_55_31">
      <DeploymentItem filename="C:\Slam 4\Ean13\Ean13\bin\Debug\Ean13.exe" />
    </Deployment>
    <Execution>
      <TestTypeSpecific />
      <AgentRule name="Execution Agents">
      </AgentRule>
    </Execution>
  </TestSettings>
  <Times creation="2019-03-14T11:55:31.5812950+01:00" queuing="2019-03-14T11:55:31.6086314+01:00" start="2019-03-14T11:55:31.6174181+01:00" finish="2019-03-14T11:55:31.8488012+01:00" />
  <ResultSummary outcome="Failed">
    <Counters total="10" executed="10" passed="2" error="0" failed="6" timeout="0" aborted="0" inconclusive="2" passedButRunAborted="0" notRunnable="0" notExecuted="0" disconnected="0" warning="0" completed="0" inProgress="0" pending="0" />
  </ResultSummary>
  <TestDefinitions>
    <UnitTest name="Ean13ConstructorTest_09" storage="c:\slam 4\ean13\ean13project\bin\debug\ean13project.dll" id="95d262da-c4b6-6cd9-524b-aa179d60e1fe">
      <Execution id="f8b5a383-d7d2-443c-a4aa-513fff4ff3bd" />
      <TestMethod codeBase="C:/Slam 4/Ean13/Ean13Project/bin/Debug/Ean13Project.DLL" adapterTypeName="Microsoft.VisualStudio.TestTools.TestTypes.Unit.UnitTestAdapter, Microsoft.VisualStudio.QualityTools.Tips.UnitTest.Adapter, Version=10.0.0.0, Culture=neutral, PublicKeyToken=b03f5f7f11d50a3a" className="Ean13Project.Ean13Test, Ean13Project, Version=1.0.0.0, Culture=neutral, PublicKeyToken=null" name="Ean13ConstructorTest_09" />
    </UnitTest>
    <UnitTest name="Ean13ConstructorTest_11" storage="c:\slam 4\ean13\ean13project\bin\debug\ean13project.dll" id="b49a2296-c3e4-c58c-e3fc-c8778ca8f3a6">
      <Execution id="7501a09d-4eaf-4548-b8a8-b35b89139673" />
      <TestMethod codeBase="C:/Slam 4/Ean13/Ean13Project/bin/Debug/Ean13Project.DLL" adapterTypeName="Microsoft.VisualStudio.TestTools.TestTypes.Unit.UnitTestAdapter, Microsoft.VisualStudio.QualityTools.Tips.UnitTest.Adapter, Version=10.0.0.0, Culture=neutral, PublicKeyToken=b03f5f7f11d50a3a" className="Ean13Project.Ean13Test, Ean13Project, Version=1.0.0.0, Culture=neutral, PublicKeyToken=null" name="Ean13ConstructorTest_11" />
    </UnitTest>
    <UnitTest name="PoidsPairTest" storage="c:\slam 4\ean13\ean13project\bin\debug\ean13project.dll" id="fe659b80-3d78-6fd1-2746-359872bf0390">
      <Execution id="45a0f9ea-1cf2-424d-8a18-175d7c0a238b" />
      <TestMethod codeBase="C:/Slam 4/Ean13/Ean13Project/bin/Debug/Ean13Project.DLL" adapterTypeName="Microsoft.VisualStudio.TestTools.TestTypes.Unit.UnitTestAdapter, Microsoft.VisualStudio.QualityTools.Tips.UnitTest.Adapter, Version=10.0.0.0, Culture=neutral, PublicKeyToken=b03f5f7f11d50a3a" className="Ean13Project.Ean13Test, Ean13Project, Version=1.0.0.0, Culture=neutral, PublicKeyToken=null" name="PoidsPairTest" />
    </UnitTest>
    <UnitTest name="Ean13ConstructorTest_13" storage="c:\slam 4\ean13\ean13project\bin\debug\ean13project.dll" id="a8dceb90-9f48-0aa1-5396-4d367107ac5c">
      <Execution id="9437cd00-fdf3-4cbe-b0be-396f87580a77" />
      <TestMethod codeBase="C:/Slam 4/Ean13/Ean13Project/bin/Debug/Ean13Project.DLL" adapterTypeName="Microsoft.VisualStudio.TestTools.TestTypes.Unit.UnitTestAdapter, Microsoft.VisualStudio.QualityTools.Tips.UnitTest.Adapter, Version=10.0.0.0, Culture=neutral, PublicKeyToken=b03f5f7f11d50a3a" className="Ean13Project.Ean13Test, Ean13Project, Version=1.0.0.0, Culture=neutral, PublicKeyToken=null" name="Ean13ConstructorTest_13" />
    </UnitTest>
    <UnitTest name="ResteTest" storage="c:\slam 4\ean13\ean13project\bin\debug\ean13project.dll" id="259ba197-5a6d-0b27-50b7-e2f068c81544">
      <Execution id="11d5f5a1-0fcb-44c6-ae83-6e4f78c6ebfd" />
      <TestMethod codeBase="C:/Slam 4/Ean13/Ean13Project/bin/Debug/Ean13Project.DLL" adapterTypeName="Microsoft.VisualStudio.TestTools.TestTypes.Unit.UnitTestAdapter, Microsoft.VisualStudio.QualityTools.Tips.UnitTest.Adapter, Version=10.0.0.0, Culture=neutral, PublicKeyToken=b03f5f7f11d50a3a" className="Ean13Project.Ean13Test, Ean13Project, Version=1.0.0.0, Culture=neutral, PublicKeyToken=null" name="ResteTest" />
    </UnitTest>
    <UnitTest name="CleTest" storage="c:\slam 4\ean13\ean13project\bin\debug\ean13project.dll" id="f3b18e16-4695-2b3b-7df5-6b1e4bdd4554">
      <Execution id="9fdde19b-93f0-4c3d-a11d-129f8b5333b1" />
      <TestMethod codeBase="C:/Slam 4/Ean13/Ean13Project/bin/Debug/Ean13Project.DLL" adapterTypeName="Microsoft.VisualStudio.TestTools.TestTypes.Unit.UnitTestAdapter, Microsoft.VisualStudio.QualityTools.Tips.UnitTest.Adapter, Version=10.0.0.0, Culture=neutral, PublicKeyToken=b03f5f7f11d50a3a" className="Ean13Project.Ean13Test, Ean13Project, Version=1.0.0.0, Culture=neutral, PublicKeyToken=null" name="CleTest" />
    </UnitTest>
    <UnitTest name="ProgramConstructorTest" storage="c:\slam 4\ean13\ean13project\bin\debug\ean13project.dll" id="bc5185dc-fd40-8293-04d9-b52c3f0a337a">
      <Execution id="6dd3d143-d8e3-4bf4-906b-84e49a26f9ab" />
      <TestMethod codeBase="C:/Slam 4/Ean13/Ean13Project/bin/Debug/Ean13Project.DLL" adapterTypeName="Microsoft.VisualStudio.TestTools.TestTypes.Unit.UnitTestAdapter, Microsoft.VisualStudio.QualityTools.Tips.UnitTest.Adapter, Version=10.0.0.0, Culture=neutral, PublicKeyToken=b03f5f7f11d50a3a" className="Ean13Project.ProgramTest, Ean13Project, Version=1.0.0.0, Culture=neutral, PublicKeyToken=null" name="ProgramConstructorTest" />
    </UnitTest>
    <UnitTest name="ToStringTest" storage="c:\slam 4\ean13\ean13project\bin\debug\ean13project.dll" id="0d932525-e5e3-11ab-796f-c61b7e167626">
      <Execution id="14ba0706-c6ed-4cd7-b19b-0dd08fd65d7a" />
      <TestMethod codeBase="C:/Slam 4/Ean13/Ean13Project/bin/Debug/Ean13Project.DLL" adapterTypeName="Microsoft.VisualStudio.TestTools.TestTypes.Unit.UnitTestAdapter, Microsoft.VisualStudio.QualityTools.Tips.UnitTest.Adapter, Version=10.0.0.0, Culture=neutral, PublicKeyToken=b03f5f7f11d50a3a" className="Ean13Project.Ean13Test, Ean13Project, Version=1.0.0.0, Culture=neutral, PublicKeyToken=null" name="ToStringTest" />
    </UnitTest>
    <UnitTest name="PoidsImpairTest" storage="c:\slam 4\ean13\ean13project\bin\debug\ean13project.dll" id="75e8a8b3-3b9f-b005-9f0c-675d08f23d8f">
      <Execution id="69df8132-23df-42b3-8814-29e5ec2144df" />
      <TestMethod codeBase="C:/Slam 4/Ean13/Ean13Project/bin/Debug/Ean13Project.DLL" adapterTypeName="Microsoft.VisualStudio.TestTools.TestTypes.Unit.UnitTestAdapter, Microsoft.VisualStudio.QualityTools.Tips.UnitTest.Adapter, Version=10.0.0.0, Culture=neutral, PublicKeyToken=b03f5f7f11d50a3a" className="Ean13Project.Ean13Test, Ean13Project, Version=1.0.0.0, Culture=neutral, PublicKeyToken=null" name="PoidsImpairTest" />
    </UnitTest>
    <UnitTest name="MainTest" storage="c:\slam 4\ean13\ean13project\bin\debug\ean13project.dll" id="fe6a509f-0d48-10bc-1035-a76da7f10f84">
      <DeploymentItems>
        <DeploymentItem filename="Ean13.exe" />
      </DeploymentItems>
      <Execution id="15a365fe-dd82-4c36-895f-03e7ffccc5a3" />
      <TestMethod codeBase="C:/Slam 4/Ean13/Ean13Project/bin/Debug/Ean13Project.DLL" adapterTypeName="Microsoft.VisualStudio.TestTools.TestTypes.Unit.UnitTestAdapter, Microsoft.VisualStudio.QualityTools.Tips.UnitTest.Adapter, Version=10.0.0.0, Culture=neutral, PublicKeyToken=b03f5f7f11d50a3a" className="Ean13Project.ProgramTest, Ean13Project, Version=1.0.0.0, Culture=neutral, PublicKeyToken=null" name="MainTest" />
    </UnitTest>
  </TestDefinitions>
  <TestLists>
    <TestList name="Les résultats ne figurent pas dans une liste" id="8c84fa94-04c1-424b-9868-57a2d4851a1d" />
    <TestList name="Tous les résultats chargés" id="19431567-8539-422a-85d7-44ee4e166bda" />
  </TestLists>
  <TestEntries>
    <TestEntry testId="0d932525-e5e3-11ab-796f-c61b7e167626" executionId="14ba0706-c6ed-4cd7-b19b-0dd08fd65d7a" testListId="8c84fa94-04c1-424b-9868-57a2d4851a1d" />
    <TestEntry testId="259ba197-5a6d-0b27-50b7-e2f068c81544" executionId="11d5f5a1-0fcb-44c6-ae83-6e4f78c6ebfd" testListId="8c84fa94-04c1-424b-9868-57a2d4851a1d" />
    <TestEntry testId="75e8a8b3-3b9f-b005-9f0c-675d08f23d8f" executionId="69df8132-23df-42b3-8814-29e5ec2144df" testListId="8c84fa94-04c1-424b-9868-57a2d4851a1d" />
    <TestEntry testId="95d262da-c4b6-6cd9-524b-aa179d60e1fe" executionId="f8b5a383-d7d2-443c-a4aa-513fff4ff3bd" testListId="8c84fa94-04c1-424b-9868-57a2d4851a1d" />
    <TestEntry testId="a8dceb90-9f48-0aa1-5396-4d367107ac5c" executionId="9437cd00-fdf3-4cbe-b0be-396f87580a77" testListId="8c84fa94-04c1-424b-9868-57a2d4851a1d" />
    <TestEntry testId="b49a2296-c3e4-c58c-e3fc-c8778ca8f3a6" executionId="7501a09d-4eaf-4548-b8a8-b35b89139673" testListId="8c84fa94-04c1-424b-9868-57a2d4851a1d" />
    <TestEntry testId="bc5185dc-fd40-8293-04d9-b52c3f0a337a" executionId="6dd3d143-d8e3-4bf4-906b-84e49a26f9ab" testListId="8c84fa94-04c1-424b-9868-57a2d4851a1d" />
    <TestEntry testId="f3b18e16-4695-2b3b-7df5-6b1e4bdd4554" executionId="9fdde19b-93f0-4c3d-a11d-129f8b5333b1" testListId="8c84fa94-04c1-424b-9868-57a2d4851a1d" />
    <TestEntry testId="fe659b80-3d78-6fd1-2746-359872bf0390" executionId="45a0f9ea-1cf2-424d-8a18-175d7c0a238b" testListId="8c84fa94-04c1-424b-9868-57a2d4851a1d" />
    <TestEntry testId="fe6a509f-0d48-10bc-1035-a76da7f10f84" executionId="15a365fe-dd82-4c36-895f-03e7ffccc5a3" testListId="8c84fa94-04c1-424b-9868-57a2d4851a1d" />
  </TestEntries>
  <Results>
    <UnitTestResult executionId="14ba0706-c6ed-4cd7-b19b-0dd08fd65d7a" testId="0d932525-e5e3-11ab-796f-c61b7e167626" testName="ToStringTest" computerName="R108P17HVVS" duration="00:00:00.0195058" startTime="2019-03-14T11:55:31.6428019+01:00" endTime="2019-03-14T11:55:31.7853417+01:00" testType="13cdc9d9-ddb5-4fa4-a97d-d965ccfc6d4b" outcome="Failed" testListId="8c84fa94-04c1-424b-9868-57a2d4851a1d" relativeResultsDirectory="14ba0706-c6ed-4cd7-b19b-0dd08fd65d7a">
      <Output>
        <ErrorInfo>
          <Message>La méthode de test Ean13Project.Ean13Test.ToStringTest a levé une exception : 
System.Exception: Un élément du gencode n'est pas compris entre 0 et 9</Message>
          <StackTrace>    à Ean13Project.Ean13..ctor(Int32[] ean13) dans C:\Slam 4\Ean13\Ean13\Ean13.cs:ligne 34
   à Ean13Project.Ean13Test.ToStringTest() dans C:\Slam 4\Ean13\Ean13Project\Ean13Test.cs:ligne 182
</StackTrace>
        </ErrorInfo>
      </Output>
    </UnitTestResult>
    <UnitTestResult executionId="11d5f5a1-0fcb-44c6-ae83-6e4f78c6ebfd" testId="259ba197-5a6d-0b27-50b7-e2f068c81544" testName="ResteTest" computerName="R108P17HVVS" duration="00:00:00.0012978" startTime="2019-03-14T11:55:31.7902232+01:00" endTime="2019-03-14T11:55:31.7931521+01:00" testType="13cdc9d9-ddb5-4fa4-a97d-d965ccfc6d4b" outcome="Failed" testListId="8c84fa94-04c1-424b-9868-57a2d4851a1d" relativeResultsDirectory="11d5f5a1-0fcb-44c6-ae83-6e4f78c6ebfd">
      <Output>
        <ErrorInfo>
          <Message>La méthode de test Ean13Project.Ean13Test.ResteTest a levé une exception : 
System.Exception: Un élément du gencode n'est pas compris entre 0 et 9</Message>
          <StackTrace>    à Ean13Project.Ean13..ctor(Int32[] ean13) dans C:\Slam 4\Ean13\Ean13\Ean13.cs:ligne 34
   à Ean13Project.Ean13Test.ResteTest() dans C:\Slam 4\Ean13\Ean13Project\Ean13Test.cs:ligne 169
</StackTrace>
        </ErrorInfo>
      </Output>
    </UnitTestResult>
    <UnitTestResult executionId="69df8132-23df-42b3-8814-29e5ec2144df" testId="75e8a8b3-3b9f-b005-9f0c-675d08f23d8f" testName="PoidsImpairTest" computerName="R108P17HVVS" duration="00:00:00.0011254" startTime="2019-03-14T11:55:31.7941284+01:00" endTime="2019-03-14T11:55:31.7990099+01:00" testType="13cdc9d9-ddb5-4fa4-a97d-d965ccfc6d4b" outcome="Failed" testListId="8c84fa94-04c1-424b-9868-57a2d4851a1d" relativeResultsDirectory="69df8132-23df-42b3-8814-29e5ec2144df">
      <Output>
        <ErrorInfo>
          <Message>La méthode de test Ean13Project.Ean13Test.PoidsImpairTest a levé une exception : 
System.Exception: Un élément du gencode n'est pas compris entre 0 et 9</Message>
          <StackTrace>    à Ean13Project.Ean13..ctor(Int32[] ean13) dans C:\Slam 4\Ean13\Ean13\Ean13.cs:ligne 34
   à Ean13Project.Ean13Test.PoidsImpairTest() dans C:\Slam 4\Ean13\Ean13Project\Ean13Test.cs:ligne 143
</StackTrace>
        </ErrorInfo>
      </Output>
    </UnitTestResult>
    <UnitTestResult executionId="f8b5a383-d7d2-443c-a4aa-513fff4ff3bd" testId="95d262da-c4b6-6cd9-524b-aa179d60e1fe" testName="Ean13ConstructorTest_09" computerName="R108P17HVVS" duration="00:00:00.0036350" startTime="2019-03-14T11:55:31.8009625+01:00" endTime="2019-03-14T11:55:31.8058440+01:00" testType="13cdc9d9-ddb5-4fa4-a97d-d965ccfc6d4b" outcome="Failed" testListId="8c84fa94-04c1-424b-9868-57a2d4851a1d" relativeResultsDirectory="f8b5a383-d7d2-443c-a4aa-513fff4ff3bd">
      <Output>
        <ErrorInfo>
          <Message>Échec de Assert.AreEqual. Attendu : &lt;Un code Ean 13 doit être un tableau de 12 entiers&gt;, Réel : &lt;Un élément du gencode n'est pas compris entre 0 et 9&gt;. </Message>
          <StackTrace>   à Ean13Project.Ean13Test.Ean13ConstructorTest_09() dans C:\Slam 4\Ean13\Ean13Project\Ean13Test.cs:ligne 109
</StackTrace>
        </ErrorInfo>
      </Output>
    </UnitTestResult>
    <UnitTestResult executionId="9437cd00-fdf3-4cbe-b0be-396f87580a77" testId="a8dceb90-9f48-0aa1-5396-4d367107ac5c" testName="Ean13ConstructorTest_13" computerName="R108P17HVVS" duration="00:00:00.0003122" startTime="2019-03-14T11:55:31.8087729+01:00" endTime="2019-03-14T11:55:31.8107255+01:00" testType="13cdc9d9-ddb5-4fa4-a97d-d965ccfc6d4b" outcome="Passed" testListId="8c84fa94-04c1-424b-9868-57a2d4851a1d" relativeResultsDirectory="9437cd00-fdf3-4cbe-b0be-396f87580a77">
    </UnitTestResult>
    <UnitTestResult executionId="7501a09d-4eaf-4548-b8a8-b35b89139673" testId="b49a2296-c3e4-c58c-e3fc-c8778ca8f3a6" testName="Ean13ConstructorTest_11" computerName="R108P17HVVS" duration="00:00:00.0002056" startTime="2019-03-14T11:55:31.8117018+01:00" endTime="2019-03-14T11:55:31.8146307+01:00" testType="13cdc9d9-ddb5-4fa4-a97d-d965ccfc6d4b" outcome="Passed" testListId="8c84fa94-04c1-424b-9868-57a2d4851a1d" relativeResultsDirectory="7501a09d-4eaf-4548-b8a8-b35b89139673">
    </UnitTestResult>
    <UnitTestResult executionId="6dd3d143-d8e3-4bf4-906b-84e49a26f9ab" testId="bc5185dc-fd40-8293-04d9-b52c3f0a337a" testName="ProgramConstructorTest" computerName="R108P17HVVS" duration="00:00:00.0005092" startTime="2019-03-14T11:55:31.8156070+01:00" endTime="2019-03-14T11:55:31.8175596+01:00" testType="13cdc9d9-ddb5-4fa4-a97d-d965ccfc6d4b" outcome="Inconclusive" testListId="8c84fa94-04c1-424b-9868-57a2d4851a1d" relativeResultsDirectory="6dd3d143-d8e3-4bf4-906b-84e49a26f9ab">
      <Output>
        <ErrorInfo>
          <Message>Échec de Assert.Inconclusive. TODO: implémentez le code pour vérifier la cible</Message>
          <StackTrace>   à Ean13Project.ProgramTest.ProgramConstructorTest() dans C:\Slam 4\Ean13\Ean13Project\ProgramTest.cs:ligne 74
</StackTrace>
        </ErrorInfo>
      </Output>
    </UnitTestResult>
    <UnitTestResult executionId="9fdde19b-93f0-4c3d-a11d-129f8b5333b1" testId="f3b18e16-4695-2b3b-7df5-6b1e4bdd4554" testName="CleTest" computerName="R108P17HVVS" duration="00:00:00.0011779" startTime="2019-03-14T11:55:31.8195122+01:00" endTime="2019-03-14T11:55:31.8234174+01:00" testType="13cdc9d9-ddb5-4fa4-a97d-d965ccfc6d4b" outcome="Failed" testListId="8c84fa94-04c1-424b-9868-57a2d4851a1d" relativeResultsDirectory="9fdde19b-93f0-4c3d-a11d-129f8b5333b1">
      <Output>
        <ErrorInfo>
          <Message>La méthode de test Ean13Project.Ean13Test.CleTest a levé une exception : 
System.Exception: Un élément du gencode n'est pas compris entre 0 et 9</Message>
          <StackTrace>    à Ean13Project.Ean13..ctor(Int32[] ean13) dans C:\Slam 4\Ean13\Ean13\Ean13.cs:ligne 34
   à Ean13Project.Ean13Test.CleTest() dans C:\Slam 4\Ean13\Ean13Project\Ean13Test.cs:ligne 121
</StackTrace>
        </ErrorInfo>
      </Output>
    </UnitTestResult>
    <UnitTestResult executionId="45a0f9ea-1cf2-424d-8a18-175d7c0a238b" testId="fe659b80-3d78-6fd1-2746-359872bf0390" testName="PoidsPairTest" computerName="R108P17HVVS" duration="00:00:00.0012533" startTime="2019-03-14T11:55:31.8253700+01:00" endTime="2019-03-14T11:55:31.8282989+01:00" testType="13cdc9d9-ddb5-4fa4-a97d-d965ccfc6d4b" outcome="Failed" testListId="8c84fa94-04c1-424b-9868-57a2d4851a1d" relativeResultsDirectory="45a0f9ea-1cf2-424d-8a18-175d7c0a238b">
      <Output>
        <ErrorInfo>
          <Message>La méthode de test Ean13Project.Ean13Test.PoidsPairTest a levé une exception : 
System.Exception: Un élément du gencode n'est pas compris entre 0 et 9</Message>
          <StackTrace>    à Ean13Project.Ean13..ctor(Int32[] ean13) dans C:\Slam 4\Ean13\Ean13\Ean13.cs:ligne 34
   à Ean13Project.Ean13Test.PoidsPairTest() dans C:\Slam 4\Ean13\Ean13Project\Ean13Test.cs:ligne 156
</StackTrace>
        </ErrorInfo>
      </Output>
    </UnitTestResult>
    <UnitTestResult executionId="15a365fe-dd82-4c36-895f-03e7ffccc5a3" testId="fe6a509f-0d48-10bc-1035-a76da7f10f84" testName="MainTest" computerName="R108P17HVVS" duration="00:00:00.0027040" startTime="2019-03-14T11:55:31.8312278+01:00" endTime="2019-03-14T11:55:31.8351330+01:00" testType="13cdc9d9-ddb5-4fa4-a97d-d965ccfc6d4b" outcome="Inconclusive" testListId="8c84fa94-04c1-424b-9868-57a2d4851a1d" relativeResultsDirectory="15a365fe-dd82-4c36-895f-03e7ffccc5a3">
      <Output>
        <ErrorInfo>
          <Message>Échec de Assert.Inconclusive. Une méthode qui ne retourne pas une valeur ne peut pas être vérifiée.</Message>
          <StackTrace>   à Ean13Project.ProgramTest.MainTest() dans C:\Slam 4\Ean13\Ean13Project\ProgramTest.cs:ligne 86
</StackTrace>
        </ErrorInfo>
      </Output>
    </UnitTestResult>
  </Results>
</TestRun>